Built: morie_0.9.5.6.tar.gz
Exit code: 1
* R was compiled by
    Apple clang version 21.0.0 (clang-2100.0.123.102)
    GNU Fortran (Homebrew GCC 15.2.0_1) 15.2.0
* running under: macOS Tahoe 26.4.1
* using session charset: UTF-8
* current time: 2026-05-23 13:35:29 UTC
* using options ‘--no-manual --no-build-vignettes --as-cran’
* checking for file ‘morie/DESCRIPTION’ ... OK
* checking extension type ... Package
* this is package ‘morie’ version ‘0.9.5.6’
* package encoding: UTF-8
* checking CRAN incoming feasibility ...Warning: /private/tmp/morie-rcheck/morie.Rcheck/00_pkg_src/morie/man/morie_matching_common_support.Rd:25: unexpected section header '\value'
Warning: /private/tmp/morie-rcheck/morie.Rcheck/00_pkg_src/morie/man/morie_matching_common_support.Rd:28: unexpected section header '\description'
Warning: /private/tmp/morie-rcheck/morie.Rcheck/00_pkg_src/morie/man/morie_matching_common_support.Rd:33: unexpected section header '\examples'
Warning: /private/tmp/morie-rcheck/morie.Rcheck/00_pkg_src/morie/man/morie_matching_common_support.Rd:40: unexpected END_OF_INPUT '
'
Warning: /private/tmp/morie-rcheck/morie.Rcheck/00_pkg_src/morie/man/morie_matching_common_support.Rd:25: unexpected section header '\value'
Warning: /private/tmp/morie-rcheck/morie.Rcheck/00_pkg_src/morie/man/morie_matching_common_support.Rd:28: unexpected section header '\description'
Warning: /private/tmp/morie-rcheck/morie.Rcheck/00_pkg_src/morie/man/morie_matching_common_support.Rd:33: unexpected section header '\examples'
Warning: /private/tmp/morie-rcheck/morie.Rcheck/00_pkg_src/morie/man/morie_matching_common_support.Rd:40: unexpected END_OF_INPUT '
'
Warning: /private/tmp/morie-rcheck/morie.Rcheck/00_pkg_src/morie/man/morie_matching_common_support.Rd:25: unexpected section header '\value'
Warning: /private/tmp/morie-rcheck/morie.Rcheck/00_pkg_src/morie/man/morie_matching_common_support.Rd:28: unexpected section header '\description'
Warning: /private/tmp/morie-rcheck/morie.Rcheck/00_pkg_src/morie/man/morie_matching_common_support.Rd:33: unexpected section header '\examples'
Warning: /private/tmp/morie-rcheck/morie.Rcheck/00_pkg_src/morie/man/morie_matching_common_support.Rd:40: unexpected END_OF_INPUT '
'
 [11s/33s] NOTE
Maintainer: ‘Vansh Singh Ruhela <hadesllm@proton.me>’

New submission

Found the following (possibly) invalid URLs:
  URL: https://data.ontario.ca/api/3/action/datastore_search
    From: man/arsau_datasets.Rd
          man/morie_arsau_ckan_url.Rd
    Status: 409
    Message: Conflict
  URL: https://data.ontario.ca/dataset/data-on-police-use-of-force
    From: man/arsau.Rd
          man/arsau_analyze.Rd
          man/arsau_datasets.Rd
    Status: 404
    Message: Not Found
* checking package namespace information ... OK
* checking package dependencies ... ERROR
Package suggested but not available: ‘RPostgres’

The suggested packages are required for a complete check.
Checking can be attempted without them by setting the environment
variable _R_CHECK_FORCE_SUGGESTS_ to a false value.

See section ‘The DESCRIPTION file’ in the ‘Writing R Extensions’
manual.
* DONE

Status: 1 ERROR, 1 NOTE
See
  ‘/private/tmp/morie-rcheck/morie.Rcheck/00check.log’
for details.

---SUMMARY---
 [11s/33s] NOTE
    Status: 409
    Status: 404
* checking package dependencies ... ERROR
Status: 1 ERROR, 1 NOTE
